{
  "RSpec": {
    "coverage": {
      "/Users/joytoo/Desktop/RubyMine/DevcampPortfolio/spec/models/blog_spec.rb": [
        1,
        null,
        1,
        1,
        2,
        2,
        null,
        null
      ],
      "/Users/joytoo/Desktop/RubyMine/DevcampPortfolio/spec/rails_helper.rb": [
        null,
        1,
        1,
        1,
        1,
        null,
        1,
        1,
        null,
        null,
        null,
        null,
        null,
        null,
        null,
        null,
        null,
        null,
        null,
        null,
        null,
        null,
        null,
        null,
        null,
        null,
        null,
        1,
        null,
        1,
        null,
        1,
        null,
        null,
        null,
        null,
        1,
        null,
        null,
        null,
        null,
        null,
        null,
        null,
        null,
        null,
        null,
        null,
        null,
        null,
        null,
        1,
        null,
        null,
        1,
        null,
        null,
        null,
        null,
        1,
        1,
        null,
        1,
        null,
        null,
        1,
        null,
        null
      ],
      "/Users/joytoo/Desktop/RubyMine/DevcampPortfolio/spec/support/factory_bot.rb": [
        1,
        null,
        1,
        1,
        null
      ],
      "/Users/joytoo/Desktop/RubyMine/DevcampPortfolio/config/environment.rb": [
        null,
        1,
        null,
        null,
        1
      ],
      "/Users/joytoo/Desktop/RubyMine/DevcampPortfolio/config/application.rb": [
        1,
        null,
        1,
        null,
        1,
        1,
        1,
        1,
        1,
        1,
        1,
        1,
        null,
        null,
        null,
        null,
        1,
        null,
        1,
        1,
        null,
        null,
        null,
        null,
        null
      ],
      "/Users/joytoo/Desktop/RubyMine/DevcampPortfolio/config/boot.rb": [
        1,
        null,
        1
      ],
      "/Users/joytoo/Desktop/RubyMine/DevcampPortfolio/config/environments/test.rb": [
        1,
        null,
        null,
        null,
        null,
        null,
        null,
        1,
        null,
        null,
        null,
        null,
        1,
        null,
        null,
        1,
        1,
        null,
        null,
        null,
        null,
        1,
        1,
        null,
        null,
        1,
        null,
        null,
        1,
        1,
        null,
        null,
        null,
        null,
        1,
        null,
        null,
        1,
        null,
        null,
        null,
        null
      ],
      "/Users/joytoo/Desktop/RubyMine/DevcampPortfolio/config/initializers/application_controller_renderer.rb": [
        null,
        null,
        null,
        null,
        null,
        null,
        null,
        null
      ],
      "/Users/joytoo/Desktop/RubyMine/DevcampPortfolio/config/initializers/assets.rb": [
        null,
        null,
        null,
        1,
        null,
        null,
        null,
        null,
        null,
        null,
        null
      ],
      "/Users/joytoo/Desktop/RubyMine/DevcampPortfolio/config/initializers/backtrace_silencers.rb": [
        null,
        null,
        null,
        null,
        null,
        null,
        null
      ],
      "/Users/joytoo/Desktop/RubyMine/DevcampPortfolio/config/initializers/cookies_serializer.rb": [
        null,
        null,
        null,
        null,
        1
      ],
      "/Users/joytoo/Desktop/RubyMine/DevcampPortfolio/config/initializers/devise.rb": [
        null,
        null,
        null,
        null,
        1,
        null,
        null,
        null,
        null,
        null,
        null,
        null,
        null,
        null,
        null,
        null,
        null,
        null,
        null,
        null,
        1,
        null,
        null,
        null,
        null,
        null,
        null,
        null,
        null,
        null,
        null,
        null,
        1,
        null,
        null,
        null,
        null,
        null,
        null,
        null,
        null,
        null,
        null,
        null,
        null,
        null,
        null,
        null,
        null,
        null,
        null,
        null,
        null,
        null,
        1,
        null,
        null,
        null,
        null,
        1,
        null,
        null,
        null,
        null,
        null,
        null,
        null,
        null,
        null,
        null,
        null,
        null,
        null,
        null,
        null,
        null,
        null,
        null,
        null,
        null,
        null,
        null,
        null,
        null,
        null,
        null,
        null,
        null,
        null,
        null,
        1,
        null,
        null,
        null,
        null,
        null,
        null,
        null,
        null,
        null,
        null,
        null,
        null,
        null,
        null,
        null,
        null,
        null,
        null,
        null,
        null,
        null,
        null,
        1,
        null,
        null,
        null,
        null,
        null,
        null,
        null,
        null,
        null,
        null,
        null,
        null,
        null,
        null,
        null,
        null,
        null,
        null,
        null,
        null,
        null,
        null,
        null,
        null,
        null,
        null,
        null,
        null,
        null,
        null,
        1,
        null,
        null,
        null,
        null,
        null,
        null,
        null,
        null,
        null,
        1,
        null,
        null,
        null,
        null,
        null,
        null,
        null,
        null,
        null,
        null,
        1,
        null,
        null,
        null,
        null,
        1,
        null,
        null,
        null,
        null,
        null,
        null,
        null,
        null,
        null,
        null,
        null,
        null,
        null,
        null,
        null,
        null,
        null,
        null,
        null,
        null,
        null,
        null,
        null,
        null,
        null,
        null,
        null,
        null,
        null,
        null,
        null,
        null,
        null,
        null,
        null,
        null,
        null,
        null,
        null,
        null,
        1,
        null,
        null,
        null,
        null,
        null,
        null,
        null,
        null,
        null,
        null,
        null,
        null,
        null,
        null,
        null,
        null,
        null,
        null,
        null,
        null,
        null,
        null,
        null,
        null,
        null,
        null,
        null,
        null,
        null,
        null,
        null,
        null,
        null,
        null,
        null,
        null,
        null,
        null,
        null,
        null,
        null,
        1,
        null,
        null,
        null,
        null,
        null,
        null,
        null,
        null,
        null,
        null,
        null,
        null,
        null,
        null,
        null,
        null,
        null,
        null,
        null,
        null,
        null,
        null,
        null,
        null,
        null,
        null,
        null,
        null,
        null,
        null,
        null,
        null,
        null,
        null,
        null,
        null
      ],
      "/Users/joytoo/Desktop/RubyMine/DevcampPortfolio/config/initializers/filter_parameter_logging.rb": [
        null,
        null,
        null,
        1
      ],
      "/Users/joytoo/Desktop/RubyMine/DevcampPortfolio/config/initializers/friendly_id.rb": [
        null,
        null,
        null,
        null,
        null,
        null,
        null,
        null,
        null,
        null,
        null,
        1,
        null,
        null,
        null,
        null,
        1,
        null,
        1,
        null,
        null,
        null,
        null,
        null,
        null,
        null,
        null,
        null,
        null,
        null,
        null,
        null,
        null,
        null,
        null,
        null,
        null,
        null,
        null,
        null,
        null,
        null,
        null,
        null,
        null,
        null,
        null,
        null,
        null,
        null,
        null,
        null,
        null,
        null,
        null,
        null,
        null,
        null,
        null,
        null,
        null,
        null,
        null,
        null,
        null,
        null,
        null,
        null,
        null,
        null,
        null,
        null,
        null,
        null,
        null,
        null,
        null,
        null,
        null,
        null,
        null,
        null,
        null,
        null,
        null,
        null,
        null,
        null
      ],
      "/Users/joytoo/Desktop/RubyMine/DevcampPortfolio/config/initializers/inflections.rb": [
        null,
        null,
        null,
        null,
        null,
        null,
        null,
        null,
        null,
        null,
        null,
        null,
        null,
        null,
        null,
        null
      ],
      "/Users/joytoo/Desktop/RubyMine/DevcampPortfolio/config/initializers/mime_types.rb": [
        null,
        null,
        null,
        null
      ],
      "/Users/joytoo/Desktop/RubyMine/DevcampPortfolio/config/initializers/new_framework_defaults.rb": [
        null,
        null,
        null,
        null,
        null,
        null,
        1,
        null,
        null,
        1,
        null,
        null,
        1,
        null,
        null,
        null,
        1,
        null,
        null,
        1,
        null,
        null,
        1,
        null,
        null,
        1
      ],
      "/Users/joytoo/Desktop/RubyMine/DevcampPortfolio/config/initializers/session_store.rb": [
        null,
        null,
        1
      ],
      "/Users/joytoo/Desktop/RubyMine/DevcampPortfolio/config/initializers/wrap_parameters.rb": [
        null,
        null,
        null,
        null,
        null,
        null,
        1,
        2,
        null,
        null,
        null,
        null,
        null,
        null
      ],
      "/Users/joytoo/Desktop/RubyMine/DevcampPortfolio/spec/factories/blogs.rb": [
        1,
        1,
        6,
        6,
        null,
        null
      ],
      "/Users/joytoo/Desktop/RubyMine/DevcampPortfolio/app/models/blog.rb": [
        1,
        1,
        1,
        1,
        null,
        1,
        null,
        1,
        null
      ],
      "/Users/joytoo/Desktop/RubyMine/DevcampPortfolio/app/models/application_record.rb": [
        1,
        1,
        null
      ],
      "/Users/joytoo/Desktop/RubyMine/DevcampPortfolio/spec/factories/portfolio.rb": [
        1,
        1,
        31,
        31,
        null,
        null
      ],
      "/Users/joytoo/Desktop/RubyMine/DevcampPortfolio/app/models/portfolio.rb": [
        1,
        1,
        1,
        1,
        1,
        0,
        null,
        null,
        null,
        null,
        1,
        null,
        1,
        null,
        1,
        null,
        1,
        47,
        47,
        null,
        null
      ],
      "/Users/joytoo/Desktop/RubyMine/DevcampPortfolio/app/models/concerns/placeholder.rb": [
        1,
        1,
        null,
        1,
        72,
        null,
        null
      ],
      "/Users/joytoo/Desktop/RubyMine/DevcampPortfolio/spec/factories/technology.rb": [
        1,
        1,
        1,
        null,
        null
      ],
      "/Users/joytoo/Desktop/RubyMine/DevcampPortfolio/app/models/technology.rb": [
        1,
        1,
        null
      ],
      "/Users/joytoo/Desktop/RubyMine/DevcampPortfolio/spec/factories/users.rb": [
        1,
        1,
        1,
        1,
        1,
        null,
        null
      ],
      "/Users/joytoo/Desktop/RubyMine/DevcampPortfolio/config/routes.rb": [
        1,
        1,
        null,
        null,
        1,
        1,
        1,
        1,
        1,
        1,
        1,
        null,
        1,
        1,
        1,
        1,
        1,
        1,
        1,
        null,
        1,
        1,
        1,
        null,
        null,
        null,
        1,
        null
      ],
      "/Users/joytoo/Desktop/RubyMine/DevcampPortfolio/app/models/user.rb": [
        1,
        null,
        null,
        1,
        null,
        null,
        1,
        null,
        1,
        0,
        null,
        null,
        1,
        0,
        null,
        null
      ],
      "/Users/joytoo/Desktop/RubyMine/DevcampPortfolio/app/helpers/application_helper.rb": [
        1,
        null
      ],
      "/Users/joytoo/Desktop/RubyMine/DevcampPortfolio/app/helpers/blogs_helper.rb": [
        1,
        null
      ],
      "/Users/joytoo/Desktop/RubyMine/DevcampPortfolio/app/helpers/pages_helper.rb": [
        1,
        null
      ],
      "/Users/joytoo/Desktop/RubyMine/DevcampPortfolio/app/helpers/portfolios_helper.rb": [
        1,
        null
      ],
      "/Users/joytoo/Desktop/RubyMine/DevcampPortfolio/spec/models/portfolio_spec.rb": [
        1,
        null,
        1,
        1,
        2,
        2,
        2,
        2,
        2,
        null,
        null
      ],
      "/Users/joytoo/Desktop/RubyMine/DevcampPortfolio/spec/models/skill_spec.rb": [
        1,
        null,
        1,
        1,
        2,
        2,
        null,
        null
      ],
      "/Users/joytoo/Desktop/RubyMine/DevcampPortfolio/app/models/skill.rb": [
        1,
        1,
        1,
        null,
        1,
        null,
        1,
        2,
        null,
        null
      ],
      "/Users/joytoo/Desktop/RubyMine/DevcampPortfolio/spec/models/technology_spec.rb": [
        1,
        null,
        1,
        1,
        2,
        null,
        null
      ],
      "/Users/joytoo/Desktop/RubyMine/DevcampPortfolio/spec/models/topic_spec.rb": [
        1,
        null,
        1,
        1,
        2,
        2,
        null,
        null
      ],
      "/Users/joytoo/Desktop/RubyMine/DevcampPortfolio/app/models/topic.rb": [
        1,
        1,
        null,
        1,
        null
      ],
      "/Users/joytoo/Desktop/RubyMine/DevcampPortfolio/spec/models/user_spec.rb": [
        1,
        null,
        1,
        1,
        2,
        2,
        null,
        null
      ],
      "/Users/joytoo/Desktop/RubyMine/DevcampPortfolio/spec/requests/blogs_spec.rb": [
        1,
        null,
        1,
        1,
        6,
        3,
        null,
        null,
        null,
        null,
        null,
        null,
        null,
        null,
        null,
        null,
        null,
        null,
        null,
        null,
        null,
        null,
        null,
        null,
        null,
        null,
        null,
        null,
        null,
        null,
        null,
        1,
        2,
        2,
        null,
        1,
        1,
        1,
        null,
        null,
        null,
        1,
        2,
        null,
        1,
        1,
        null,
        null,
        null,
        1,
        1,
        1,
        1,
        1,
        null,
        null,
        1,
        1,
        1,
        null,
        null,
        null,
        1,
        2,
        null,
        1,
        1,
        null,
        null,
        null,
        null
      ],
      "/Users/joytoo/Desktop/RubyMine/DevcampPortfolio/spec/requests/portfolios_spec.rb": [
        1,
        1,
        null,
        1,
        4,
        3,
        1,
        null,
        null,
        null,
        null,
        null,
        null,
        null,
        null,
        null,
        null,
        null,
        1,
        2,
        null,
        1,
        1,
        null,
        null,
        null,
        1,
        2,
        null,
        1,
        1,
        null,
        null,
        null,
        1,
        2,
        null,
        1,
        1,
        null,
        null,
        null,
        null
      ],
      "/Users/joytoo/Desktop/RubyMine/DevcampPortfolio/spec/support/request_helper.rb": [
        1,
        1,
        0,
        null,
        null
      ],
      "/Users/joytoo/Desktop/RubyMine/DevcampPortfolio/app/controllers/blogs_controller.rb": [
        1,
        1,
        null,
        null,
        null,
        1,
        3,
        null,
        null,
        null,
        null,
        1,
        null,
        null,
        1,
        0,
        null,
        null,
        null,
        1,
        null,
        null,
        null,
        1,
        0,
        null,
        0,
        0,
        0,
        null,
        0,
        null,
        null,
        null,
        null,
        null,
        null,
        1,
        0,
        0,
        0,
        null,
        0,
        null,
        null,
        null,
        null,
        null,
        null,
        1,
        1,
        1,
        2,
        1,
        null,
        null,
        null,
        1,
        0,
        0,
        0,
        0,
        null,
        0,
        null,
        null,
        1,
        null,
        null,
        1,
        2,
        null,
        null,
        null,
        1,
        0,
        null,
        null
      ],
      "/Users/joytoo/Desktop/RubyMine/DevcampPortfolio/app/controllers/application_controller.rb": [
        1,
        1,
        1,
        null
      ],
      "/Users/joytoo/Desktop/RubyMine/DevcampPortfolio/app/controllers/concerns/devise_whitelist.rb": [
        1,
        1,
        null,
        1,
        1,
        null,
        null,
        1,
        0,
        0,
        null,
        null
      ],
      "/Users/joytoo/Desktop/RubyMine/DevcampPortfolio/app/controllers/portfolios_controller.rb": [
        1,
        1,
        1,
        null,
        null,
        1,
        0,
        null,
        null,
        1,
        0,
        0,
        null,
        null,
        1,
        1,
        null,
        null,
        1,
        0,
        null,
        null,
        null,
        0,
        0,
        0,
        null,
        0,
        null,
        null,
        null,
        null,
        null,
        1,
        0,
        null,
        null,
        1,
        0,
        null,
        0,
        0,
        0,
        null,
        0,
        null,
        null,
        null,
        null,
        1,
        null,
        1,
        null,
        null,
        1,
        null,
        null,
        1,
        1,
        1,
        null,
        null,
        null,
        null,
        null
      ]
    },
    "timestamp": 1539613406
  }
}
